FFF
FFP
FFN
FFC
FFU
FFL
FFK
FPF
FPP
FPN
FPC
FPU
FPL
FPK
FNF
FNP
FNN
FNC
FNU
FNL
FNK
FCF
FCP
FCN
FCC
FCU
FCL
FCK
FUF
FUP
FUN
FUC
FUU
FUL
FUK
FLF
FLP
FLN
FLC
FLU
FLL
FLK
FKF
FKP
FKN
FKC
FKU
FKL
FKK
PFF
PFP
PFN
PFC
PFU
PFL
PFK
PPF
PPP
PPN
PPC
PPU
PPL
PPK
PNF
PNP
PNN
PNC
PNU
PNL
PNK
PCF
PCP
PCN
PCC
PCU
PCL
PCK
PUF
PUP
PUN
PUC
PUU
PUL
PUK
PLF
PLP
PLN
PLC
PLU
PLL
PLK
PKF
PKP
PKN
PKC
PKU
PKL
PKK
NFF
NFP
NFN
NFC
NFU
NFL
NFK
NPF
NPP
NPN
NPC
NPU
NPL
NPK
NNF
NNP
NNN
NNC
NNU
NNL
NNK
NCF
NCP
NCN
NCC
NCU
NCL
NCK
NUF
NUP
NUN
NUC
NUU
NUL
NUK
NLF
NLP
NLN
NLC
NLU
NLL
NLK
NKF
NKP
NKN
NKC
NKU
NKL
NKK
CFF
CFP
CFN
CFC
CFU
CFL
CFK
CPF
CPP
CPN
CPC
CPU
CPL
CPK
CNF
CNP
CNN
CNC
CNU
CNL
CNK
CCF
CCP
CCN
CCC
CCU
CCL
CCK
CUF
CUP
CUN
CUC
CUU
CUL
CUK
CLF
CLP
CLN
CLC
CLU
CLL
CLK
CKF
CKP
CKN
CKC
CKU
CKL
CKK
UFF
UFP
UFN
UFC
UFU
UFL
UFK
UPF
UPP
UPN
UPC
UPU
UPL
UPK
UNF
UNP
UNN
UNC
UNU
UNL
UNK
UCF
UCP
UCN
UCC
UCU
UCL
UCK
UUF
UUP
UUN
UUC
UUU
UUL
UUK
ULF
ULP
ULN
ULC
ULU
ULL
ULK
UKF
UKP
UKN
UKC
UKU
UKL
UKK
LFF
LFP
LFN
LFC
LFU
LFL
LFK
LPF
LPP
LPN
LPC
LPU
LPL
LPK
LNF
LNP
LNN
LNC
LNU
LNL
LNK
LCF
LCP
LCN
LCC
LCU
LCL
LCK
LUF
LUP
LUN
LUC
LUU
LUL
LUK
LLF
LLP
LLN
LLC
LLU
LLL
LLK
LKF
LKP
LKN
LKC
LKU
LKL
LKK
KFF
KFP
KFN
KFC
KFU
KFL
KFK
KPF
KPP
KPN
KPC
KPU
KPL
KPK
KNF
KNP
KNN
KNC
KNU
KNL
KNK
KCF
KCP
KCN
KCC
KCU
KCL
KCK
KUF
KUP
KUN
KUC
KUU
KUL
KUK
KLF
KLP
KLN
KLC
KLU
KLL
KLK
KKF
KKP
KKN
KKC
KKU
KKL
KKK
