1 4
5 4
29 4
36 6
37 4
52 6
53 4
73 8
74 6
75 4
82 4
93 4
123 4
148 4
166 4
181 4
184 4
188 4
188 8
189 6
190 4
192 4
203 6
204 4
210 4
216 4
231 4
233 8
234 6
235 4
238 4
251 6
252 4
256 6
257 4
278 4
318 4
321 4
321 6
322 4
323 4
329 4
361 4
373 4
391 4
404 6
405 4
443 6
444 4
466 4
477 4
478 4
493 12
494 4
494 10
495 8
496 6
497 4
500 4
507 4
519 4
532 6
533 4
539 4
564 4
582 4
583 4
620 8
621 6
622 4
632 6
633 4
673 4
694 4
712 4
742 4
743 4
766 4
767 4
779 4
784 4
826 6
827 4
857 6
858 4
861 4
863 4
887 4
904 4
944 4
951 4
965 8
966 6
967 4
973 4
976 6
977 4
993 4
